<?xml version="1.0" encoding="UTF-8"?>
<testsuite xmlns:xsi="http://www.w3.org/2001/XMLSchema-instance" xsi:noNamespaceSchemaLocation="https://maven.apache.org/surefire/maven-surefire-plugin/xsd/surefire-test-report.xsd" name="com.had.pqst.CrawlerTest" time="0.005" tests="1" errors="0" skipped="0" failures="0">
  <properties>
    <property name="gopherProxySet" value="false"/>
    <property name="awt.toolkit" value="sun.lwawt.macosx.LWCToolkit"/>
    <property name="socksProxyHost" value="127.0.0.1"/>
    <property name="http.proxyHost" value="127.0.0.1"/>
    <property name="java.specification.version" value="1.8"/>
    <property name="file.encoding.pkg" value="sun.io"/>
    <property name="sun.cpu.isalist" value=""/>
    <property name="sun.jnu.encoding" value="UTF-8"/>
    <property name="java.class.path" value="/Users/had/IdeaProjects/sinaCrawler/target/test-classes:/Users/had/IdeaProjects/sinaCrawler/target/classes:/Applications/CP/Java/JavaTool/Maven/Depository/com/h2database/h2/1.4.199/h2-1.4.199.jar:/Applications/CP/Java/JavaTool/Maven/Depository/org/apache/httpcomponents/httpclient/4.5.12/httpclient-4.5.12.jar:/Applications/CP/Java/JavaTool/Maven/Depository/org/apache/httpcomponents/httpcore/4.4.13/httpcore-4.4.13.jar:/Applications/CP/Java/JavaTool/Maven/Depository/commons-logging/commons-logging/1.2/commons-logging-1.2.jar:/Applications/CP/Java/JavaTool/Maven/Depository/commons-codec/commons-codec/1.11/commons-codec-1.11.jar:/Applications/CP/Java/JavaTool/Maven/Depository/org/junit/jupiter/junit-jupiter-api/5.4.2/junit-jupiter-api-5.4.2.jar:/Applications/CP/Java/JavaTool/Maven/Depository/org/apiguardian/apiguardian-api/1.0.0/apiguardian-api-1.0.0.jar:/Applications/CP/Java/JavaTool/Maven/Depository/org/opentest4j/opentest4j/1.1.1/opentest4j-1.1.1.jar:/Applications/CP/Java/JavaTool/Maven/Depository/org/junit/platform/junit-platform-commons/1.4.2/junit-platform-commons-1.4.2.jar:/Applications/CP/Java/JavaTool/Maven/Depository/org/junit/jupiter/junit-jupiter-engine/5.4.2/junit-jupiter-engine-5.4.2.jar:/Applications/CP/Java/JavaTool/Maven/Depository/org/junit/platform/junit-platform-engine/1.4.2/junit-platform-engine-1.4.2.jar:/Applications/CP/Java/JavaTool/Maven/Depository/com/google/code/findbugs/annotations/3.0.1/annotations-3.0.1.jar:/Applications/CP/Java/JavaTool/Maven/Depository/net/jcip/jcip-annotations/1.0/jcip-annotations-1.0.jar:/Applications/CP/Java/JavaTool/Maven/Depository/com/google/code/findbugs/jsr305/3.0.1/jsr305-3.0.1.jar:/Applications/CP/Java/JavaTool/Maven/Depository/org/jsoup/jsoup/1.11.3/jsoup-1.11.3.jar:"/>
    <property name="https.proxyPort" value="7890"/>
    <property name="java.vm.vendor" value="Oracle Corporation"/>
    <property name="sun.arch.data.model" value="64"/>
    <property name="java.vendor.url" value="http://java.oracle.com/"/>
    <property name="user.timezone" value=""/>
    <property name="java.vm.specification.version" value="1.8"/>
    <property name="os.name" value="Mac OS X"/>
    <property name="user.country" value="CN"/>
    <property name="sun.java.launcher" value="SUN_STANDARD"/>
    <property name="sun.boot.library.path" value="/Library/Java/JavaVirtualMachines/jdk1.8.0_241.jdk/Contents/Home/jre/lib"/>
    <property name="sun.java.command" value="/Users/had/IdeaProjects/sinaCrawler/target/surefire/surefirebooter4675164230392510238.jar /Users/had/IdeaProjects/sinaCrawler/target/surefire 2020-03-23T19-20-34_668-jvmRun1 surefire3463042377355394111tmp surefire_09062323451839981271tmp"/>
    <property name="http.nonProxyHosts" value="192.168.0.0/16|*.192.168.0.0/16|10.0.0.0/8|*.10.0.0.0/8|172.16.0.0/12|*.172.16.0.0/12|127.0.0.1|localhost|*.localhost|local|*.local"/>
    <property name="surefire.test.class.path" value="/Users/had/IdeaProjects/sinaCrawler/target/test-classes:/Users/had/IdeaProjects/sinaCrawler/target/classes:/Applications/CP/Java/JavaTool/Maven/Depository/com/h2database/h2/1.4.199/h2-1.4.199.jar:/Applications/CP/Java/JavaTool/Maven/Depository/org/apache/httpcomponents/httpclient/4.5.12/httpclient-4.5.12.jar:/Applications/CP/Java/JavaTool/Maven/Depository/org/apache/httpcomponents/httpcore/4.4.13/httpcore-4.4.13.jar:/Applications/CP/Java/JavaTool/Maven/Depository/commons-logging/commons-logging/1.2/commons-logging-1.2.jar:/Applications/CP/Java/JavaTool/Maven/Depository/commons-codec/commons-codec/1.11/commons-codec-1.11.jar:/Applications/CP/Java/JavaTool/Maven/Depository/org/junit/jupiter/junit-jupiter-api/5.4.2/junit-jupiter-api-5.4.2.jar:/Applications/CP/Java/JavaTool/Maven/Depository/org/apiguardian/apiguardian-api/1.0.0/apiguardian-api-1.0.0.jar:/Applications/CP/Java/JavaTool/Maven/Depository/org/opentest4j/opentest4j/1.1.1/opentest4j-1.1.1.jar:/Applications/CP/Java/JavaTool/Maven/Depository/org/junit/platform/junit-platform-commons/1.4.2/junit-platform-commons-1.4.2.jar:/Applications/CP/Java/JavaTool/Maven/Depository/org/junit/jupiter/junit-jupiter-engine/5.4.2/junit-jupiter-engine-5.4.2.jar:/Applications/CP/Java/JavaTool/Maven/Depository/org/junit/platform/junit-platform-engine/1.4.2/junit-platform-engine-1.4.2.jar:/Applications/CP/Java/JavaTool/Maven/Depository/com/google/code/findbugs/annotations/3.0.1/annotations-3.0.1.jar:/Applications/CP/Java/JavaTool/Maven/Depository/net/jcip/jcip-annotations/1.0/jcip-annotations-1.0.jar:/Applications/CP/Java/JavaTool/Maven/Depository/com/google/code/findbugs/jsr305/3.0.1/jsr305-3.0.1.jar:/Applications/CP/Java/JavaTool/Maven/Depository/org/jsoup/jsoup/1.11.3/jsoup-1.11.3.jar:"/>
    <property name="sun.cpu.endian" value="little"/>
    <property name="user.home" value="/Users/had"/>
    <property name="user.language" value="zh"/>
    <property name="java.specification.vendor" value="Oracle Corporation"/>
    <property name="java.home" value="/Library/Java/JavaVirtualMachines/jdk1.8.0_241.jdk/Contents/Home/jre"/>
    <property name="basedir" value="/Users/had/IdeaProjects/sinaCrawler"/>
    <property name="https.proxyHost" value="127.0.0.1"/>
    <property name="file.separator" value="/"/>
    <property name="line.separator" value="&#10;"/>
    <property name="java.vm.specification.vendor" value="Oracle Corporation"/>
    <property name="java.specification.name" value="Java Platform API Specification"/>
    <property name="java.awt.graphicsenv" value="sun.awt.CGraphicsEnvironment"/>
    <property name="surefire.real.class.path" value="/Users/had/IdeaProjects/sinaCrawler/target/surefire/surefirebooter4675164230392510238.jar"/>
    <property name="sun.boot.class.path" value="/Library/Java/JavaVirtualMachines/jdk1.8.0_241.jdk/Contents/Home/jre/lib/resources.jar:/Library/Java/JavaVirtualMachines/jdk1.8.0_241.jdk/Contents/Home/jre/lib/rt.jar:/Library/Java/JavaVirtualMachines/jdk1.8.0_241.jdk/Contents/Home/jre/lib/sunrsasign.jar:/Library/Java/JavaVirtualMachines/jdk1.8.0_241.jdk/Contents/Home/jre/lib/jsse.jar:/Library/Java/JavaVirtualMachines/jdk1.8.0_241.jdk/Contents/Home/jre/lib/jce.jar:/Library/Java/JavaVirtualMachines/jdk1.8.0_241.jdk/Contents/Home/jre/lib/charsets.jar:/Library/Java/JavaVirtualMachines/jdk1.8.0_241.jdk/Contents/Home/jre/lib/jfr.jar:/Library/Java/JavaVirtualMachines/jdk1.8.0_241.jdk/Contents/Home/jre/classes"/>
    <property name="sun.management.compiler" value="HotSpot 64-Bit Tiered Compilers"/>
    <property name="ftp.nonProxyHosts" value="192.168.0.0/16|*.192.168.0.0/16|10.0.0.0/8|*.10.0.0.0/8|172.16.0.0/12|*.172.16.0.0/12|127.0.0.1|localhost|*.localhost|local|*.local"/>
    <property name="java.runtime.version" value="1.8.0_241-b07"/>
    <property name="user.name" value="had"/>
    <property name="path.separator" value=":"/>
    <property name="os.version" value="10.15.3"/>
    <property name="java.endorsed.dirs" value="/Library/Java/JavaVirtualMachines/jdk1.8.0_241.jdk/Contents/Home/jre/lib/endorsed"/>
    <property name="java.runtime.name" value="Java(TM) SE Runtime Environment"/>
    <property name="file.encoding" value="UTF-8"/>
    <property name="java.vm.name" value="Java HotSpot(TM) 64-Bit Server VM"/>
    <property name="localRepository" value="/Applications/CP/Java/JavaTool/Maven/Depository"/>
    <property name="java.vendor.url.bug" value="http://bugreport.sun.com/bugreport/"/>
    <property name="java.io.tmpdir" value="/var/folders/pn/kfp693gj2m5_mbrtwn4tv2m40000gn/T/"/>
    <property name="java.version" value="1.8.0_241"/>
    <property name="user.dir" value="/Users/had/IdeaProjects/sinaCrawler"/>
    <property name="os.arch" value="x86_64"/>
    <property name="socksProxyPort" value="7891"/>
    <property name="java.vm.specification.name" value="Java Virtual Machine Specification"/>
    <property name="java.awt.printerjob" value="sun.lwawt.macosx.CPrinterJob"/>
    <property name="sun.os.patch.level" value="unknown"/>
    <property name="java.library.path" value="/Users/had/Library/Java/Extensions:/Library/Java/Extensions:/Network/Library/Java/Extensions:/System/Library/Java/Extensions:/usr/lib/java:."/>
    <property name="java.vm.info" value="mixed mode"/>
    <property name="java.vendor" value="Oracle Corporation"/>
    <property name="java.vm.version" value="25.241-b07"/>
    <property name="java.ext.dirs" value="/Users/had/Library/Java/Extensions:/Library/Java/JavaVirtualMachines/jdk1.8.0_241.jdk/Contents/Home/jre/lib/ext:/Library/Java/Extensions:/Network/Library/Java/Extensions:/System/Library/Java/Extensions:/usr/lib/java"/>
    <property name="sun.io.unicode.encoding" value="UnicodeBig"/>
    <property name="java.class.version" value="52.0"/>
    <property name="socksNonProxyHosts" value="192.168.0.0/16|*.192.168.0.0/16|10.0.0.0/8|*.10.0.0.0/8|172.16.0.0/12|*.172.16.0.0/12|127.0.0.1|localhost|*.localhost|local|*.local"/>
    <property name="http.proxyPort" value="7890"/>
  </properties>
  <testcase name="test" classname="com.had.pqst.CrawlerTest" time="0.003"/>
</testsuite>